Connection lost at Fri Jan  8 01:28:26 2010 - last error was Inappropriate ioctl for device
Connection lost at Fri Jan  8 12:14:26 2010 - last error was Inappropriate ioctl for device
Connection lost at Fri Jan  8 12:27:38 2010 - last error was Inappropriate ioctl for device
Connection lost at Fri Jan  8 15:53:31 2010 - last error was Inappropriate ioctl for device
Connection lost at Fri Jan  8 16:24:03 2010 - last error was Inappropriate ioctl for device
Connection lost at Fri Jan  8 16:52:53 2010 - last error was Inappropriate ioctl for device
Connection lost at Fri Jan  8 16:55:48 2010 - last error was Inappropriate ioctl for device
Connection lost at Fri Jan  8 16:56:29 2010 - last error was Inappropriate ioctl for device
Connection lost at Fri Jan  8 16:58:31 2010 - last error was Inappropriate ioctl for device
Connection lost at Fri Jan  8 17:26:45 2010 - last error was Inappropriate ioctl for device
Connection lost at Fri Jan  8 18:05:34 2010 - last error was Inappropriate ioctl for device
Connection lost at Fri Jan  8 21:28:33 2010 - last error was Inappropriate ioctl for device
Connection lost at Fri Jan  8 21:53:36 2010 - last error was Inappropriate ioctl for device
Connection lost at Fri Jan  8 22:38:53 2010 - last error was Inappropriate ioctl for device
Connection lost at Fri Jan  8 23:47:36 2010 - last error was Inappropriate ioctl for device
Connection lost at Sat Jan  9 00:39:46 2010 - last error was Inappropriate ioctl for device
Connection lost at Sat Jan  9 00:40:13 2010 - last error was Inappropriate ioctl for device
Connection lost at Sat Jan  9 13:11:45 2010 - last error was Inappropriate ioctl for device
Connection lost at Sat Jan  9 17:53:48 2010 - last error was Inappropriate ioctl for device
Connection lost at Sat Jan  9 17:53:55 2010 - last error was Inappropriate ioctl for device
Connection lost at Sat Jan  9 17:59:18 2010 - last error was Inappropriate ioctl for device
Connection lost at Sun Jan 10 05:02:30 2010 - last error was Inappropriate ioctl for device
Connection lost at Sun Jan 10 05:03:26 2010 - last error was Inappropriate ioctl for device
Connection lost at Sun Jan 10 14:44:50 2010 - last error was Inappropriate ioctl for device
Connection lost at Sun Jan 10 14:45:48 2010 - last error was Inappropriate ioctl for device
Connection lost at Sun Jan 10 17:21:28 2010 - last error was Inappropriate ioctl for device
Connection lost at Tue Jan 12 19:34:28 2010 - last error was Inappropriate ioctl for device
Connection lost at Tue Jan 12 19:41:00 2010 - last error was Inappropriate ioctl for device
Connection lost at Tue Jan 12 19:42:00 2010 - last error was Inappropriate ioctl for device
Connection lost at Tue Jan 12 21:43:44 2010 - last error was Inappropriate ioctl for device
Connection lost at Wed Jan 13 21:04:23 2010 - last error was Inappropriate ioctl for device
Connection lost at Thu Jan 14 19:48:59 2010 - last error was Inappropriate ioctl for device
Connection lost at Sat Jan 16 10:11:16 2010 - last error was Inappropriate ioctl for device
Connection lost at Sat Jan 16 18:25:51 2010 - last error was Inappropriate ioctl for device
Connection lost at Sat Jan 16 19:42:36 2010 - last error was Inappropriate ioctl for device
Connection lost at Sun Jan 17 02:54:46 2010 - last error was Inappropriate ioctl for device
Connection lost at Sun Jan 17 18:20:50 2010 - last error was Inappropriate ioctl for device
Connection lost at Tue Jan 19 14:28:15 2010 - last error was Inappropriate ioctl for device
Connection lost at Thu Jan 21 19:35:06 2010 - last error was Inappropriate ioctl for device
Connection lost at Sat Jan 30 17:47:50 2010 - last error was Inappropriate ioctl for device
Connection lost at Sat Jan 30 23:49:02 2010 - last error was Inappropriate ioctl for device
Connection lost at Sun Jan 31 00:00:43 2010 - last error was Inappropriate ioctl for device
Connection lost at Sun Jan 31 00:07:59 2010 - last error was Inappropriate ioctl for device
Connection lost at Sun Jan 31 00:15:54 2010 - last error was Inappropriate ioctl for device
Connection lost at Sun Jan 31 00:22:53 2010 - last error was Inappropriate ioctl for device
Connection lost at Tue Apr 27 21:09:02 2010 - last error was Inappropriate ioctl for device
Connection lost at Sat May 22 08:56:13 2010 - last error was Inappropriate ioctl for device
