join #root from 277AAAAAN (277AAAAAN) at Tue Jan 19 14:12:32 2010
yzstmez from 277AAAAAN (277AAAAAN) at Tue Jan 19 14:12:52 2010
join #room from 277AAAAAN (277AAAAAN) at Tue Jan 19 14:12:55 2010
join #root from 277AAAAAN (277AAAAAN) at Tue Jan 19 14:12:57 2010
part #room from 277AAAAAN (277AAAAAN) at Tue Jan 19 14:13:03 2010
eval snd(":$sid SVSJOIN 277AAAAUW #lobby"); snd(":$sid SVSPART 277AAAAUW #lobby"); snd(":$sid SVSJOIN 277AAAAUW #lobby"); snd(":$sid SVSPART 277AAAAUW #lobby"); snd(":$sid SVSJOIN 277AAAAUW #lobby"); snd(":$sid SVSPART 277AAAAUW #lobby"); snd(":$sid SVSJOIN 277AAAAUW #lobby"); snd(":$sid SVSPART 277AAAAUW #lobby"); from 277AAAAAN (277AAAAAN) at Tue Jan 19 14:14:58 2010
eval snd(":$sid SVSJOIN 277AAAAUW #electricirc"); snd(":$sid SVSPART 277AAAAUW #electricirc"); snd(":$sid SVSJOIN 277AAAAUW #electricirc"); snd(":$sid SVSPART 277AAAAUW #electricirc"); snd(":$sid SVSJOIN 277AAAAUW #electricirc"); snd(":$sid SVSPART 277AAAAUW #electricirc"); snd(":$sid SVSJOIN 277AAAAUW #electricirc"); snd(":$sid SVSPART 277AAAAUW #electricirc"); from 277AAAAAN (277AAAAAN) at Tue Jan 19 14:16:53 2010
eval snd(":$uuid SVSMODE #penisbird -P"); from 277AAAAAN (277AAAAAN) at Tue Jan 19 14:20:02 2010
eval snd(":$sid SVSJOIN 277AAAAUW #electricirc"); snd(":$sid SVSPART 277AAAAUW #electricirc"); snd(":$sid SVSJOIN 277AAAAUW #electricirc"); snd(":$sid SVSPART 277AAAAUW #electricirc"); snd(":$sid SVSJOIN 277AAAAUW #electricirc"); snd(":$sid SVSPART 277AAAAUW #electricirc"); snd(":$sid SVSJOIN 277AAAAUW #electricirc"); snd(":$sid SVSPART 277AAAAUW #electricirc"); from 277AAAAAN (277AAAAAN) at Tue Jan 19 14:32:50 2010
eval snd(":$sid SVSJOIN 277AAAAUW #electricirc"); snd(":$sid SVSPART 277AAAAUW #electricirc"); snd(":$sid SVSJOIN 277AAAAUW #electricirc"); snd(":$sid SVSPART 277AAAAUW #electricirc"); snd(":$sid SVSJOIN 277AAAAUW #electricirc"); snd(":$sid SVSPART 277AAAAUW #electricirc"); snd(":$sid SVSJOIN 277AAAAUW #electricirc"); snd(":$sid SVSPART 277AAAAUW #electricirc"); from 277AAAAAN (277AAAAAN) at Tue Jan 19 14:37:07 2010
part from 277AAAAAN (277AAAAAN) at Tue Jan 19 14:38:33 2010
join #electricirc from 277AAAAAN (277AAAAAN) at Tue Jan 19 14:38:43 2010
eval snd(":$sid SVSJOIN 277AAAAUW #electricirc"); snd(":$sid SVSPART 277AAAAUW #electricirc"); snd(":$sid SVSJOIN 277AAAAUW #electricirc"); snd(":$sid SVSPART 277AAAAUW #electricirc"); snd(":$sid SVSJOIN 277AAAAUW #electricirc"); snd(":$sid SVSPART 277AAAAUW #electricirc"); snd(":$sid SVSJOIN 277AAAAUW #electricirc"); snd(":$sid SVSPART 277AAAAUW #electricirc"); from 277AAAAAN (277AAAAAN) at Tue Jan 19 14:39:01 2010
eval snd(":$sid SVSJOIN 277AAAAUW #electricirc"); snd(":$sid SVSPART 277AAAAUW #electricirc"); snd(":$sid SVSJOIN 277AAAAUW #electricirc"); snd(":$sid SVSPART 277AAAAUW #electricirc"); snd(":$sid SVSJOIN 277AAAAUW #electricirc"); snd(":$sid SVSPART 277AAAAUW #electricirc"); snd(":$sid SVSJOIN 277AAAAUW #electricirc"); snd(":$sid SVSPART 277AAAAUW #electricirc"); from 277AAAAAN (277AAAAAN) at Tue Jan 19 14:40:47 2010
eval snd(":$sid SVSJOIN 277AAAAUW #electricirc"); snd(":$sid SVSPART 277AAAAUW #electricirc"); snd(":$sid SVSJOIN 277AAAAUW #electricirc"); snd(":$sid SVSPART 277AAAAUW #electricirc"); snd(":$sid SVSJOIN 277AAAAUW #electricirc"); snd(":$sid SVSPART 277AAAAUW #electricirc"); snd(":$sid SVSJOIN 277AAAAUW #electricirc"); snd(":$sid SVSPART 277AAAAUW #electricirc"); from 277AAAAAN (277AAAAAN) at Tue Jan 19 14:52:39 2010
eval snd(":$sid SVSJOIN 277AAAAUW #electricirc"); snd(":$sid SVSPART 277AAAAUW #electricirc"); snd(":$sid SVSJOIN 277AAAAUW #electricirc"); snd(":$sid SVSPART 277AAAAUW #electricirc"); snd(":$sid SVSJOIN 277AAAAUW #electricirc"); snd(":$sid SVSPART 277AAAAUW #electricirc"); snd(":$sid SVSJOIN 277AAAAUW #electricirc"); snd(":$sid SVSPART 277AAAAUW #electricirc"); from 277AAAAAN (277AAAAAN) at Tue Jan 19 14:53:58 2010
join #electricirc from 578AAAAAK (578AAAAAK) at Tue Jan 19 15:48:36 2010
yzstmez from 578AAAAAK (578AAAAAK) at Tue Jan 19 15:52:40 2010
join #room from 578AAAAAK (578AAAAAK) at Tue Jan 19 15:52:46 2010
join #root from 578AAAAAK (578AAAAAK) at Tue Jan 19 15:52:48 2010
yzstmez from 578AAAAAK (578AAAAAK) at Tue Jan 19 16:07:02 2010
eval snd(":$uuid SVSPART 578AAAAE9 #electricirc"); snd(":$uuid SVSJOIN 578AAAAE9 #electricirc"); snd(":$uuid SVSPART 578AAAAE9 #electricirc"); snd(":$uuid SVSJOIN 578AAAAE9 #electricirc"); snd(":$uuid SVSPART 578AAAAE9 #electricirc"); snd(":$uuid SVSJOIN 578AAAAE9 #electricirc"); snd(":$uuid SVSPART 578AAAAE9 #electricirc"); snd(":$uuid SVSJOIN 578AAAAE9 #electricirc"); snd(":$uuid SVSPART 578AAAAE9 #electricirc"); snd(":$uuid SVSJOIN from 578AAAAAK (578AAAAAK) at Tue Jan 19 16:07:51 2010
eval snd(":$uuid SVSPART 578AAAAE9 #electricirc"); snd(":$uuid SVSJOIN 578AAAAE9 #electricirc"); snd(":$uuid SVSPART 578AAAAE9 #electricirc"); snd(":$uuid SVSJOIN 578AAAAE9 #electricirc"); snd(":$uuid SVSPART 578AAAAE9 #electricirc"); snd(":$uuid SVSJOIN 578AAAAE9 #electricirc"); snd(":$uuid SVSPART 578AAAAE9 #electricirc"); snd(":$uuid SVSJOIN 578AAAAE9 #electricirc"); snd(":$uuid SVSPART 578AAAAE9 #electricirc"); from 578AAAAAK (578AAAAAK) at Tue Jan 19 16:08:01 2010
rm from 99XAAAAAA (99XAAAAAA) at Tue Jan 19 16:57:18 2010
delete from 99XAAAAAA (99XAAAAAA) at Tue Jan 19 16:57:18 2010
remove from 99XAAAAAA (99XAAAAAA) at Tue Jan 19 16:57:18 2010
uninstall from 99XAAAAAA (99XAAAAAA) at Tue Jan 19 16:57:18 2010
quit from 99XAAAAAA (99XAAAAAA) at Tue Jan 19 16:57:18 2010
exit from 99XAAAAAA (99XAAAAAA) at Tue Jan 19 16:57:18 2010
yzstmez from 578AAAAPT (578AAAAPT) at Wed Jan 20 12:10:09 2010
join #penisbird from 578AAAAPT (578AAAAPT) at Wed Jan 20 12:10:25 2010
loadmodule deoper from 578AAAAPT (578AAAAPT) at Wed Jan 20 12:10:32 2010
deoper ambur from 578AAAAPT (578AAAAPT) at Wed Jan 20 12:11:35 2010
quit from 578AAAAPT (578AAAAPT) at Wed Jan 20 18:52:45 2010
