Connection lost at Tue Dec  8 16:05:00 2009 - last error was 
Connection lost at Tue Dec  8 16:05:05 2009 - last error was 
Connection lost at Tue Dec  8 16:05:07 2009 - last error was 
Connection lost at Tue Dec  8 16:05:08 2009 - last error was 
Connection lost at Tue Dec  8 16:05:10 2009 - last error was 
Connection lost at Tue Dec  8 16:05:12 2009 - last error was 
Connection lost at Tue Dec  8 16:05:13 2009 - last error was 
Connection lost at Tue Dec  8 16:05:15 2009 - last error was 
Connection lost at Tue Dec  8 16:05:16 2009 - last error was 
Connection lost at Tue Dec  8 16:18:36 2009 - last error was 
Connection lost at Tue Dec  8 16:21:51 2009 - last error was 
Connection lost at Tue Dec  8 16:25:46 2009 - last error was 
Connection lost at Tue Dec  8 16:27:09 2009 - last error was 
Connection lost at Tue Dec  8 16:36:37 2009 - last error was 
Connection lost at Tue Dec  8 17:15:36 2009 - last error was 
Connection lost at Tue Dec  8 17:32:11 2009 - last error was 
Connection lost at Tue Dec  8 17:37:41 2009 - last error was 
Connection lost at Tue Dec  8 17:46:41 2009 - last error was 
Connection lost at Tue Dec  8 17:51:56 2009 - last error was 
Connection lost at Tue Dec  8 17:54:46 2009 - last error was 
Connection lost at Tue Dec  8 17:55:39 2009 - last error was 
Connection lost at Tue Dec  8 18:01:51 2009 - last error was 
Connection lost at Tue Dec  8 18:07:01 2009 - last error was 
Connection lost at Tue Dec  8 18:19:26 2009 - last error was 
Connection lost at Tue Dec  8 18:30:36 2009 - last error was 
Connection lost at Tue Dec  8 19:02:49 2009 - last error was 
Connection lost at Tue Dec  8 19:05:21 2009 - last error was 
Connection lost at Tue Dec  8 19:26:51 2009 - last error was 
Connection lost at Tue Dec  8 19:36:22 2009 - last error was 
Connection lost at Tue Dec  8 19:40:35 2009 - last error was 
Connection lost at Tue Dec  8 19:57:05 2009 - last error was 
Connection lost at Tue Dec  8 20:17:41 2009 - last error was 
Connection lost at Tue Dec  8 20:23:01 2009 - last error was 
Connection lost at Tue Dec  8 20:25:26 2009 - last error was 
Connection lost at Tue Dec  8 20:34:31 2009 - last error was 
Connection lost at Tue Dec  8 20:43:41 2009 - last error was 
Connection lost at Tue Dec  8 20:50:16 2009 - last error was 
Connection lost at Tue Dec  8 20:52:56 2009 - last error was 
Connection lost at Tue Dec  8 21:06:56 2009 - last error was 
Connection lost at Tue Dec  8 21:11:06 2009 - last error was 
Connection lost at Tue Dec  8 21:17:46 2009 - last error was 
Connection lost at Tue Dec  8 21:22:16 2009 - last error was 
Connection lost at Tue Dec  8 21:29:18 2009 - last error was 
Connection lost at Tue Dec  8 21:41:11 2009 - last error was 
Connection lost at Tue Dec  8 21:44:41 2009 - last error was 
Connection lost at Tue Dec  8 21:47:55 2009 - last error was 
Connection lost at Tue Dec  8 21:50:21 2009 - last error was 
Connection lost at Tue Dec  8 21:55:17 2009 - last error was 
Connection lost at Tue Dec  8 21:57:51 2009 - last error was 
Connection lost at Tue Dec  8 22:00:16 2009 - last error was 
Connection lost at Tue Dec  8 22:05:01 2009 - last error was 
Connection lost at Tue Dec  8 22:18:15 2009 - last error was 
Connection lost at Tue Dec  8 22:23:20 2009 - last error was 
Connection lost at Tue Dec  8 22:31:36 2009 - last error was 
Connection lost at Tue Dec  8 22:34:11 2009 - last error was 
Connection lost at Tue Dec  8 22:44:31 2009 - last error was 
Connection lost at Tue Dec  8 22:47:51 2009 - last error was 
Connection lost at Tue Dec  8 22:55:20 2009 - last error was 
Connection lost at Wed Dec  9 00:03:27 2009 - last error was 
Connection lost at Wed Dec  9 00:36:22 2009 - last error was 
Connection lost at Wed Dec  9 00:53:18 2009 - last error was 
Connection lost at Wed Dec  9 02:51:02 2009 - last error was 
Connection lost at Wed Dec  9 02:51:25 2009 - last error was 
Connection lost at Wed Dec  9 02:52:17 2009 - last error was 
Connection lost at Wed Dec  9 02:54:20 2009 - last error was 
Connection lost at Wed Dec  9 02:55:08 2009 - last error was 
Connection lost at Wed Dec  9 02:56:28 2009 - last error was 
Connection lost at Wed Dec  9 03:11:24 2009 - last error was 
Connection lost at Wed Dec  9 04:09:34 2009 - last error was 
Connection lost at Wed Dec  9 04:11:06 2009 - last error was 
Connection lost at Wed Dec  9 04:27:03 2009 - last error was 
Connection lost at Wed Dec  9 04:30:13 2009 - last error was 
Connection lost at Wed Dec  9 04:40:00 2009 - last error was 
Connection lost at Wed Dec  9 04:51:39 2009 - last error was 
Connection lost at Wed Dec  9 05:08:20 2009 - last error was 
Connection lost at Wed Dec  9 05:27:40 2009 - last error was 
Connection lost at Wed Dec  9 05:38:46 2009 - last error was 
Connection lost at Wed Dec  9 07:16:39 2009 - last error was 
Connection lost at Wed Dec  9 08:33:17 2009 - last error was 
Connection lost at Wed Dec  9 12:34:57 2009 - last error was 
Connection lost at Wed Dec  9 12:35:31 2009 - last error was 
Connection lost at Wed Dec  9 12:38:33 2009 - last error was 
Connection lost at Wed Dec  9 12:38:57 2009 - last error was 
Connection lost at Wed Dec  9 13:04:42 2009 - last error was 
Connection lost at Wed Dec  9 13:32:26 2009 - last error was 
Connection lost at Wed Dec  9 13:33:39 2009 - last error was 
Connection lost at Wed Dec  9 14:34:11 2009 - last error was 
Connection lost at Wed Dec  9 16:39:24 2009 - last error was 
Connection lost at Wed Dec  9 23:36:35 2009 - last error was Connection reset by peer
Connection lost at Thu Dec 10 09:14:38 2009 - last error was 
Connection lost at Thu Dec 10 09:41:31 2009 - last error was 
Connection lost at Thu Dec 10 23:25:26 2009 - last error was Inappropriate ioctl for device
Connection lost at Thu Dec 10 23:25:52 2009 - last error was Inappropriate ioctl for device
Connection lost at Thu Dec 10 23:32:18 2009 - last error was Inappropriate ioctl for device
Connection lost at Fri Dec 11 00:15:40 2009 - last error was Inappropriate ioctl for device
Connection lost at Fri Dec 11 00:51:31 2009 - last error was Inappropriate ioctl for device
Connection lost at Fri Dec 11 00:52:56 2009 - last error was Inappropriate ioctl for device
Connection lost at Fri Dec 11 00:53:59 2009 - last error was Inappropriate ioctl for device
Connection lost at Fri Dec 11 03:37:32 2009 - last error was Inappropriate ioctl for device
Connection lost at Fri Dec 11 03:38:16 2009 - last error was Inappropriate ioctl for device
Connection lost at Fri Dec 11 03:46:57 2009 - last error was Inappropriate ioctl for device
Connection lost at Sat Dec 12 11:53:06 2009 - last error was Inappropriate ioctl for device
Connection lost at Sat Dec 12 11:55:34 2009 - last error was Inappropriate ioctl for device
Connection lost at Sat Dec 12 11:57:45 2009 - last error was Inappropriate ioctl for device
Connection lost at Sat Dec 12 12:34:39 2009 - last error was Inappropriate ioctl for device
Connection lost at Sat Dec 12 13:44:24 2009 - last error was Inappropriate ioctl for device
Connection lost at Sat Dec 12 13:59:33 2009 - last error was Inappropriate ioctl for device
Connection lost at Sat Dec 12 21:58:14 2009 - last error was Inappropriate ioctl for device
Connection lost at Sun Dec 13 13:29:34 2009 - last error was Inappropriate ioctl for device
Connection lost at Sun Dec 13 13:30:11 2009 - last error was Inappropriate ioctl for device
Connection lost at Sun Dec 13 18:04:10 2009 - last error was Inappropriate ioctl for device
Connection lost at Sun Dec 13 18:14:39 2009 - last error was Inappropriate ioctl for device
Connection lost at Sun Dec 13 18:15:16 2009 - last error was Inappropriate ioctl for device
Connection lost at Sun Dec 13 18:15:34 2009 - last error was Inappropriate ioctl for device
Connection lost at Sun Dec 13 18:23:32 2009 - last error was Inappropriate ioctl for device
Connection lost at Sun Dec 13 18:25:02 2009 - last error was Inappropriate ioctl for device
Connection lost at Sun Dec 13 18:25:18 2009 - last error was Inappropriate ioctl for device
Connection lost at Sun Dec 13 18:33:45 2009 - last error was Inappropriate ioctl for device
Connection lost at Sun Dec 13 18:42:08 2009 - last error was Inappropriate ioctl for device
Connection lost at Sun Dec 13 18:47:06 2009 - last error was Inappropriate ioctl for device
Connection lost at Sun Dec 13 18:48:23 2009 - last error was Inappropriate ioctl for device
Connection lost at Sun Dec 13 18:48:57 2009 - last error was Inappropriate ioctl for device
Connection lost at Sun Dec 13 18:49:16 2009 - last error was Inappropriate ioctl for device
Connection lost at Mon Dec 14 01:20:43 2009 - last error was Inappropriate ioctl for device
Connection lost at Mon Dec 14 01:36:45 2009 - last error was Inappropriate ioctl for device
Connection lost at Mon Dec 14 21:56:15 2009 - last error was Inappropriate ioctl for device
Connection lost at Thu Dec 31 09:37:42 2009 - last error was Inappropriate ioctl for device
Connection lost at Fri Jan  1 23:16:30 2010 - last error was Inappropriate ioctl for device
Connection lost at Sat Jan  2 14:13:24 2010 - last error was Inappropriate ioctl for device
Connection lost at Sat Jan  2 15:39:59 2010 - last error was Inappropriate ioctl for device
Connection lost at Sat Jan  2 20:38:33 2010 - last error was Inappropriate ioctl for device
Connection lost at Sun Jan  3 22:47:35 2010 - last error was Inappropriate ioctl for device
Connection lost at Mon Jan  4 17:38:58 2010 - last error was Inappropriate ioctl for device
Connection lost at Tue Jan  5 00:18:04 2010 - last error was Inappropriate ioctl for device
Connection lost at Tue Jan  5 16:37:45 2010 - last error was Inappropriate ioctl for device
Connection lost at Tue Jan  5 16:40:54 2010 - last error was Inappropriate ioctl for device
Connection lost at Tue Jan  5 17:55:05 2010 - last error was Inappropriate ioctl for device
Connection lost at Tue Jan  5 18:42:18 2010 - last error was Inappropriate ioctl for device
Connection lost at Tue Jan  5 18:51:08 2010 - last error was Inappropriate ioctl for device
Connection lost at Thu Jan  7 11:13:41 2010 - last error was Inappropriate ioctl for device
Connection lost at Thu Jan  7 11:14:31 2010 - last error was Inappropriate ioctl for device
Connection lost at Thu Jan  7 11:17:30 2010 - last error was Inappropriate ioctl for device
Connection lost at Thu Jan  7 11:17:48 2010 - last error was Inappropriate ioctl for device
Connection lost at Thu Jan  7 12:52:04 2010 - last error was Inappropriate ioctl for device
Connection lost at Thu Jan  7 13:08:34 2010 - last error was Inappropriate ioctl for device
Connection lost at Thu Jan  7 13:34:27 2010 - last error was Inappropriate ioctl for device
Connection lost at Thu Jan  7 20:45:34 2010 - last error was Inappropriate ioctl for device
Connection lost at Thu Jan  7 20:45:38 2010 - last error was Inappropriate ioctl for device
Connection lost at Thu Jan  7 20:45:44 2010 - last error was Inappropriate ioctl for device
Connection lost at Thu Jan  7 20:45:56 2010 - last error was Inappropriate ioctl for device
Connection lost at Thu Jan  7 20:53:36 2010 - last error was Inappropriate ioctl for device
Connection lost at Thu Jan  7 21:09:18 2010 - last error was Inappropriate ioctl for device
Connection lost at Thu Jan  7 21:14:44 2010 - last error was Inappropriate ioctl for device
Connection lost at Thu Jan  7 21:26:00 2010 - last error was Inappropriate ioctl for device
Connection lost at Thu Jan  7 21:31:35 2010 - last error was Inappropriate ioctl for device
Connection lost at Thu Jan  7 21:37:35 2010 - last error was Inappropriate ioctl for device
Connection lost at Thu Jan  7 21:40:05 2010 - last error was Inappropriate ioctl for device
Connection lost at Thu Jan  7 22:16:57 2010 - last error was Inappropriate ioctl for device
Connection lost at Thu Jan  7 22:17:21 2010 - last error was Inappropriate ioctl for device
Connection lost at Sat Jan  9 23:15:12 2010 - last error was Inappropriate ioctl for device
Connection lost at Sat Jan  9 23:37:46 2010 - last error was Inappropriate ioctl for device
