time from 443AAAAA4 (443AAAAA4) at Wed Dec  9 05:22:42 2009
raw :777AAAAAA NICK Hideki 1260357762 from 443AAAAA4 (443AAAAA4) at Wed Dec  9 05:22:48 2009
nick Hideki from 443AAAAA4 (443AAAAA4) at Wed Dec  9 05:23:07 2009
raw :777AAAAAA JOIN #lobby from 443AAAAA4 (443AAAAA4) at Wed Dec  9 05:29:12 2009
rehash from 443AAAAA4 (443AAAAA4) at Wed Dec  9 05:29:43 2009
raw SVSJOIN Hideki #lobby from 443AAAAA4 (443AAAAA4) at Wed Dec  9 05:30:21 2009
join #lobby from 443AAAAA4 (443AAAAA4) at Wed Dec  9 05:32:33 2009
mode +qao Chazz Chazz Chazz from 443AAAAA4 (443AAAAA4) at Wed Dec  9 05:33:05 2009
raw MODE #lobby +qao Chazz Chazz Chazz from 443AAAAA4 (443AAAAA4) at Wed Dec  9 05:33:32 2009
join #lobby from 443AAAAA4 (443AAAAA4) at Wed Dec  9 05:35:56 2009
quit from 443AAAAA4 (443AAAAA4) at Wed Dec  9 05:36:15 2009
join #lobby from 443AAAAA4 (443AAAAA4) at Wed Dec  9 05:37:10 2009
raw PONG 777 666 from 443AAAAA4 (443AAAAA4) at Wed Dec  9 05:37:49 2009
ping from 443AAAAA5 (443AAAAA5) at Wed Dec  9 05:38:18 2009
join #lobby from 443AAAAA4 (443AAAAA4) at Wed Dec  9 05:40:20 2009
WHAT THE HECK from 443AAAAB3 (443AAAAB3) at Wed Dec  9 06:30:04 2009
raw :666 PUSH ElectricMaster :Ohai bitch from 443AAAAA4 (443AAAAA4) at Wed Dec  9 06:32:21 2009
raw :666 PUSH Chazz :Too gay! from 443AAAAB3 (443AAAAB3) at Wed Dec  9 06:32:40 2009
viewlogs from 443AAAAA4 (443AAAAA4) at Wed Dec  9 06:35:05 2009
part from 443AAAAA4 (443AAAAA4) at Wed Dec  9 06:40:59 2009
join # from 443AAAAA4 (443AAAAA4) at Wed Dec  9 06:41:36 2009
join # from 443AAAAA4 (443AAAAA4) at Wed Dec  9 06:41:58 2009
join # from 443AAAAA4 (443AAAAA4) at Wed Dec  9 06:42:11 2009
join # from 443AAAAA4 (443AAAAA4) at Wed Dec  9 06:43:01 2009
join #lobby from 443AAAAA4 (443AAAAA4) at Wed Dec  9 06:44:00 2009
join #lobby from 443AAAAA4 (443AAAAA4) at Wed Dec  9 06:52:43 2009
raw :777 MODE 443AAAAA5 -o from 443AAAAA4 (443AAAAA4) at Wed Dec  9 06:54:25 2009
join #lobby from 443AAAAA4 (443AAAAA4) at Wed Dec  9 06:55:30 2009
quit from 443AAAAA4 (443AAAAA4) at Wed Dec  9 06:55:39 2009
join # from 443AAAAA4 (443AAAAA4) at Wed Dec  9 06:56:27 2009
join #lobby from 443AAAAA4 (443AAAAA4) at Wed Dec  9 06:56:38 2009
join #lobby from 443AAAAA4 (443AAAAA4) at Wed Dec  9 06:57:20 2009
lock Ambur from 443AAAAA4 (443AAAAA4) at Wed Dec  9 06:59:05 2009
unlock Ambur from 443AAAAA4 (443AAAAA4) at Wed Dec  9 06:59:58 2009
kill Hideki from 443AAAAA4 (443AAAAA4) at Wed Dec  9 07:00:14 2009
kill ElectricMaster from 443AAAAA4 (443AAAAA4) at Wed Dec  9 07:03:03 2009
loadmodule kill from 443AAAAA4 (443AAAAA4) at Wed Dec  9 07:03:08 2009
kill ElectricMaster from 443AAAAA4 (443AAAAA4) at Wed Dec  9 07:03:11 2009
join #lobby from 443AAAAA4 (443AAAAA4) at Wed Dec  9 07:11:01 2009
raw :43S from 443AAAAA4 (443AAAAA4) at Wed Dec  9 07:12:08 2009
